<?xml version="1.0" encoding="UTF-8"?>
<testsuite name="HotelReservationTest" tests="2" skipped="0" failures="0" errors="0" timestamp="2020-11-18T10:36:26" hostname="DESKTOP-UDL4V0I" time="0.005">
  <properties/>
  <testcase name="givenDetails_WhenHotelObjectCreated_ShouldReturnTrue" classname="HotelReservationTest" time="0.002"/>
  <testcase name="givenHotelList_ShouldReturnCheapestHotel" classname="HotelReservationTest" time="0.001"/>
  <system-out><![CDATA[]]></system-out>
  <system-err><![CDATA[]]></system-err>
</testsuite>
